2020-02-03 08:08:01 - classify.py - 14 - INFO - Classifier started
2020-02-03 08:09:57 - classify.py - 243 - ERROR - Get Exception in extractData:Failed in convert_pdf_images. Reason: Unable to get page count. Syntax Warning: May not be a PDF file (continuing anyway)
Syntax Error: Couldn't find trailer dictionary
Syntax Error: Couldn't find trailer dictionary
Syntax Error: Couldn't read xref table

2020-02-03 08:29:01 - classify.py - 243 - ERROR - Get Exception in extractData:Failed in convert_pdf_images. Reason: Unable to get page count. Syntax Warning: May not be a PDF file (continuing anyway)
Syntax Error: Couldn't find trailer dictionary
Syntax Error: Couldn't find trailer dictionary
Syntax Error: Couldn't read xref table

2020-02-03 08:33:22 - classify.py - 243 - ERROR - Get Exception in extractData:Failed in convert_pdf_images. Reason: Unable to get page count. Syntax Warning: May not be a PDF file (continuing anyway)
Syntax Error: Couldn't find trailer dictionary
Syntax Error: Couldn't find trailer dictionary
Syntax Error: Couldn't read xref table

2020-02-03 08:33:22 - classify.py - 243 - ERROR - Get Exception in extractData:Failed in convert_pdf_images. Reason: Unable to get page count. Syntax Warning: May not be a PDF file (continuing anyway)
Syntax Error: Couldn't find trailer dictionary
Syntax Error: Couldn't find trailer dictionary
Syntax Error: Couldn't read xref table

2020-02-03 08:36:06 - classify.py - 243 - ERROR - Get Exception in extractData:Failed in convert_pdf_images. Reason: Unable to get page count. Command Line Error: Incorrect password

2020-02-03 08:39:52 - classify.py - 243 - ERROR - Get Exception in extractData:Failed in convert_pdf_images. Reason: Unable to get page count. Syntax Warning: May not be a PDF file (continuing anyway)
Syntax Error: Couldn't find trailer dictionary
Syntax Error: Couldn't find trailer dictionary
Syntax Error: Couldn't read xref table

2020-02-03 08:47:08 - classify.py - 243 - ERROR - Get Exception in extractData:Failed in convert_pdf_images. Reason: Unable to get page count. Syntax Warning: May not be a PDF file (continuing anyway)
Syntax Error: Couldn't find trailer dictionary
Syntax Error: Couldn't find trailer dictionary
Syntax Error: Couldn't read xref table

2020-02-03 08:51:45 - classify.py - 243 - ERROR - Get Exception in extractData:Failed in convert_pdf_images. Reason: Unable to get page count. Syntax Warning: May not be a PDF file (continuing anyway)
Syntax Error: Couldn't find trailer dictionary
Syntax Error: Couldn't find trailer dictionary
Syntax Error: Couldn't read xref table

2020-02-03 08:58:33 - classify.py - 243 - ERROR - Get Exception in extractData:Failed in convert_pdf_images. Reason: Unable to get page count. Command Line Error: Incorrect password

2020-02-26 10:07:16 - classify.py - 14 - INFO - Classifier started
2020-02-27 06:53:38 - classify.py - 14 - INFO - Classifier started
